[debug] [2021-03-02T04:20:53.491Z] ----------------------------------------------------------------------
[debug] [2021-03-02T04:20:53.493Z] Command:       /Users/hulyakarakaya/.nvm/versions/node/v12.19.0/bin/node /Users/hulyakarakaya/.nvm/versions/node/v12.19.0/bin/firebase emulators:start --only functions
[debug] [2021-03-02T04:20:53.493Z] CLI Version:   9.5.0
[debug] [2021-03-02T04:20:53.493Z] Platform:      darwin
[debug] [2021-03-02T04:20:53.493Z] Node Version:  v12.19.0
[debug] [2021-03-02T04:20:53.494Z] Time:          Mon Mar 01 2021 20:20:53 GMT-0800 (Pacific Standard Time)
[debug] [2021-03-02T04:20:53.495Z] ----------------------------------------------------------------------
[debug] [2021-03-02T04:20:53.495Z] 
[debug] [2021-03-02T04:20:53.509Z] > command requires scopes: ["email","openid","https://www.googleapis.com/auth/cloudplatformprojects.readonly","https://www.googleapis.com/auth/firebase","https://www.googleapis.com/auth/cloud-platform"]
[debug] [2021-03-02T04:20:53.509Z] > authorizing via signed-in user
[info] i  emulators: Starting emulators: functions {"metadata":{"emulator":{"name":"hub"},"message":"Starting emulators: functions"}}
[debug] [2021-03-02T04:20:53.536Z] [hub] writing locator at /var/folders/w3/0d537v_s56d7mxpd305rz31w0000gn/T/hub-chat-app-a2a87.json
[warn] ⚠  functions: The following emulators are not running, calls to these services from the Functions emulator will affect production: auth, firestore, database, hosting, pubsub {"metadata":{"emulator":{"name":"functions"},"message":"The following emulators are not running, calls to these services from the Functions emulator will affect production: \u001b[1mauth, firestore, database, hosting, pubsub\u001b[22m"}}
[info] ✔  functions: Using node@12 from host. {"metadata":{"emulator":{"name":"functions"},"message":"Using node@12 from host."}}
[debug] [2021-03-02T04:20:53.573Z] defaultcredentials: writing to file /Users/hulyakarakaya/.config/firebase/hulyakarakayaa06_gmail_com_application_default_credentials.json
[debug] [2021-03-02T04:20:53.576Z] Setting GAC to /Users/hulyakarakaya/.config/firebase/hulyakarakayaa06_gmail_com_application_default_credentials.json {"metadata":{"emulator":{"name":"functions"},"message":"Setting GAC to /Users/hulyakarakaya/.config/firebase/hulyakarakayaa06_gmail_com_application_default_credentials.json"}}
[debug] [2021-03-02T04:20:53.577Z] > refreshing access token with scopes: []
[debug] [2021-03-02T04:20:53.578Z] >>> HTTP REQUEST POST https://www.googleapis.com/oauth2/v3/token  
 <request body omitted>
[debug] [2021-03-02T04:20:53.750Z] <<< HTTP RESPONSE 200 {"date":"Tue, 02 Mar 2021 04:20:53 GMT","expires":"Mon, 01 Jan 1990 00:00:00 GMT","pragma":"no-cache","cache-control":"no-cache, no-store, max-age=0, must-revalidate","content-type":"application/json; charset=utf-8","vary":"X-Origin, Referer, Origin,Accept-Encoding","server":"scaffolding on HTTPServer2","x-xss-protection":"0","x-frame-options":"SAMEORIGIN","x-content-type-options":"nosniff","alt-svc":"h3-29=\":443\"; ma=2592000,h3-T051=\":443\"; ma=2592000,h3-Q050=\":443\"; ma=2592000,h3-Q046=\":443\"; ma=2592000,h3-Q043=\":443\"; ma=2592000,quic=\":443\"; ma=2592000; v=\"46,43\"","accept-ranges":"none","transfer-encoding":"chunked"}
[debug] [2021-03-02T04:20:53.798Z] >>> [apiv2][query] GET https://firebase.googleapis.com/v1beta1/projects/chat-app-a2a87/adminSdkConfig [none]
[debug] [2021-03-02T04:20:54.108Z] <<< [apiv2][status] GET https://firebase.googleapis.com/v1beta1/projects/chat-app-a2a87/adminSdkConfig 200
[debug] [2021-03-02T04:20:54.109Z] <<< [apiv2][body] GET https://firebase.googleapis.com/v1beta1/projects/chat-app-a2a87/adminSdkConfig {"projectId":"chat-app-a2a87","databaseURL":"https://chat-app-a2a87.firebaseio.com","storageBucket":"chat-app-a2a87.appspot.com","locationId":"us-central"}
[debug] [2021-03-02T04:20:54.133Z] Ignoring unsupported arg: auto_download {"metadata":{"emulator":{"name":"ui"},"message":"Ignoring unsupported arg: auto_download"}}
[debug] [2021-03-02T04:20:54.134Z] Ignoring unsupported arg: port {"metadata":{"emulator":{"name":"ui"},"message":"Ignoring unsupported arg: port"}}
[debug] [2021-03-02T04:20:54.134Z] Starting Emulator UI with command {"binary":"node","args":["/Users/hulyakarakaya/.cache/firebase/emulators/ui-v1.4.2/server.bundle.js"],"optionalArgs":[],"joinArgs":false} {"metadata":{"emulator":{"name":"ui"},"message":"Starting Emulator UI with command {\"binary\":\"node\",\"args\":[\"/Users/hulyakarakaya/.cache/firebase/emulators/ui-v1.4.2/server.bundle.js\"],\"optionalArgs\":[],\"joinArgs\":false}"}}
[info] i  ui: Emulator UI logging to ui-debug.log {"metadata":{"emulator":{"name":"ui"},"message":"Emulator UI logging to \u001b[1mui-debug.log\u001b[22m"}}
[debug] [2021-03-02T04:20:54.225Z] Web / API server started at http://localhost:4000
 {"metadata":{"emulator":{"name":"ui"},"message":"Web / API server started at http://localhost:4000\n"}}
[info] i  functions: Watching "/Users/hulyakarakaya/Desktop/PROJECTS/chat-room/functions" for Cloud Functions... {"metadata":{"emulator":{"name":"functions"},"message":"Watching \"/Users/hulyakarakaya/Desktop/PROJECTS/chat-room/functions\" for Cloud Functions..."}}
[debug] [2021-03-02T04:20:54.411Z] [worker-pool] addWorker(~diagnostic~) {"metadata":{"emulator":{"name":"functions"},"message":"[worker-pool] addWorker(~diagnostic~)"}}
[debug] [2021-03-02T04:20:54.412Z] [worker-pool] Adding worker with key ~diagnostic~, total=1 {"metadata":{"emulator":{"name":"functions"},"message":"[worker-pool] Adding worker with key ~diagnostic~, total=1"}}
[debug] [2021-03-02T04:20:54.412Z] [worker-pool] submitWork(triggerId=) {"metadata":{"emulator":{"name":"functions"},"message":"[worker-pool] submitWork(triggerId=)"}}
[debug] [2021-03-02T04:20:54.412Z] [worker-~diagnostic~-5a647f30-8174-4dd2-bb38-bbb974c1706f]: Assigning socketPath: /var/folders/w3/0d537v_s56d7mxpd305rz31w0000gn/T/fire_emu_29406.sock {"metadata":{"emulator":{"name":"functions"},"message":"[worker-~diagnostic~-5a647f30-8174-4dd2-bb38-bbb974c1706f]: Assigning socketPath: /var/folders/w3/0d537v_s56d7mxpd305rz31w0000gn/T/fire_emu_29406.sock"}}
[debug] [2021-03-02T04:20:54.413Z] [worker-~diagnostic~-5a647f30-8174-4dd2-bb38-bbb974c1706f]: BUSY {"metadata":{"emulator":{"name":"functions"},"message":"[worker-~diagnostic~-5a647f30-8174-4dd2-bb38-bbb974c1706f]: BUSY"}}
[debug] [2021-03-02T04:20:54.534Z] [runtime-status] [29406] Functions runtime initialized. {"cwd":"/Users/hulyakarakaya/Desktop/PROJECTS/chat-room/functions","node_version":"12.19.0"} {"metadata":{"emulator":{"name":"functions"},"message":"[runtime-status] [29406] Functions runtime initialized. {\"cwd\":\"/Users/hulyakarakaya/Desktop/PROJECTS/chat-room/functions\",\"node_version\":\"12.19.0\"}"}}
[debug] [2021-03-02T04:20:54.535Z] [runtime-status] [29406] Disabled runtime features: undefined {"metadata":{"emulator":{"name":"functions"},"message":"[runtime-status] [29406] Disabled runtime features: undefined"}}
[debug] [2021-03-02T04:20:54.540Z] [runtime-status] [29406] Resolved module firebase-admin {"declared":true,"installed":true,"version":"9.5.0","resolution":"/Users/hulyakarakaya/Desktop/PROJECTS/chat-room/functions/node_modules/firebase-admin/lib/index.js"} {"metadata":{"emulator":{"name":"functions"},"message":"[runtime-status] [29406] Resolved module firebase-admin {\"declared\":true,\"installed\":true,\"version\":\"9.5.0\",\"resolution\":\"/Users/hulyakarakaya/Desktop/PROJECTS/chat-room/functions/node_modules/firebase-admin/lib/index.js\"}"}}
[debug] [2021-03-02T04:20:54.543Z] [runtime-status] [29406] Resolved module firebase-functions {"declared":true,"installed":true,"version":"3.13.2","resolution":"/Users/hulyakarakaya/Desktop/PROJECTS/chat-room/functions/node_modules/firebase-functions/lib/index.js"} {"metadata":{"emulator":{"name":"functions"},"message":"[runtime-status] [29406] Resolved module firebase-functions {\"declared\":true,\"installed\":true,\"version\":\"3.13.2\",\"resolution\":\"/Users/hulyakarakaya/Desktop/PROJECTS/chat-room/functions/node_modules/firebase-functions/lib/index.js\"}"}}
[debug] [2021-03-02T04:20:54.543Z] [runtime-status] [29406] Resolved module firebase-functions {"declared":true,"installed":true,"version":"3.13.2","resolution":"/Users/hulyakarakaya/Desktop/PROJECTS/chat-room/functions/node_modules/firebase-functions/lib/index.js"} {"metadata":{"emulator":{"name":"functions"},"message":"[runtime-status] [29406] Resolved module firebase-functions {\"declared\":true,\"installed\":true,\"version\":\"3.13.2\",\"resolution\":\"/Users/hulyakarakaya/Desktop/PROJECTS/chat-room/functions/node_modules/firebase-functions/lib/index.js\"}"}}
[debug] [2021-03-02T04:20:54.545Z] [runtime-status] [29406] Outgoing network have been stubbed. [{"name":"http","status":"mocked"},{"name":"http","status":"mocked"},{"name":"https","status":"mocked"},{"name":"https","status":"mocked"},{"name":"net","status":"mocked"}] {"metadata":{"emulator":{"name":"functions"},"message":"[runtime-status] [29406] Outgoing network have been stubbed. [{\"name\":\"http\",\"status\":\"mocked\"},{\"name\":\"http\",\"status\":\"mocked\"},{\"name\":\"https\",\"status\":\"mocked\"},{\"name\":\"https\",\"status\":\"mocked\"},{\"name\":\"net\",\"status\":\"mocked\"}]"}}
[debug] [2021-03-02T04:20:54.545Z] [runtime-status] [29406] Resolved module firebase-functions {"declared":true,"installed":true,"version":"3.13.2","resolution":"/Users/hulyakarakaya/Desktop/PROJECTS/chat-room/functions/node_modules/firebase-functions/lib/index.js"} {"metadata":{"emulator":{"name":"functions"},"message":"[runtime-status] [29406] Resolved module firebase-functions {\"declared\":true,\"installed\":true,\"version\":\"3.13.2\",\"resolution\":\"/Users/hulyakarakaya/Desktop/PROJECTS/chat-room/functions/node_modules/firebase-functions/lib/index.js\"}"}}
[debug] [2021-03-02T04:20:54.611Z] [runtime-status] [29406] Checked functions.config() {"config":{}} {"metadata":{"emulator":{"name":"functions"},"message":"[runtime-status] [29406] Checked functions.config() {\"config\":{}}"}}
[debug] [2021-03-02T04:20:54.611Z] [runtime-status] [29406] firebase-functions has been stubbed. {"functionsResolution":{"declared":true,"installed":true,"version":"3.13.2","resolution":"/Users/hulyakarakaya/Desktop/PROJECTS/chat-room/functions/node_modules/firebase-functions/lib/index.js"}} {"metadata":{"emulator":{"name":"functions"},"message":"[runtime-status] [29406] firebase-functions has been stubbed. {\"functionsResolution\":{\"declared\":true,\"installed\":true,\"version\":\"3.13.2\",\"resolution\":\"/Users/hulyakarakaya/Desktop/PROJECTS/chat-room/functions/node_modules/firebase-functions/lib/index.js\"}}"}}
[debug] [2021-03-02T04:20:54.612Z] [runtime-status] [29406] Resolved module firebase-functions {"declared":true,"installed":true,"version":"3.13.2","resolution":"/Users/hulyakarakaya/Desktop/PROJECTS/chat-room/functions/node_modules/firebase-functions/lib/index.js"} {"metadata":{"emulator":{"name":"functions"},"message":"[runtime-status] [29406] Resolved module firebase-functions {\"declared\":true,\"installed\":true,\"version\":\"3.13.2\",\"resolution\":\"/Users/hulyakarakaya/Desktop/PROJECTS/chat-room/functions/node_modules/firebase-functions/lib/index.js\"}"}}
[debug] [2021-03-02T04:20:54.612Z] [runtime-status] [29406] Resolved module firebase-admin {"declared":true,"installed":true,"version":"9.5.0","resolution":"/Users/hulyakarakaya/Desktop/PROJECTS/chat-room/functions/node_modules/firebase-admin/lib/index.js"} {"metadata":{"emulator":{"name":"functions"},"message":"[runtime-status] [29406] Resolved module firebase-admin {\"declared\":true,\"installed\":true,\"version\":\"9.5.0\",\"resolution\":\"/Users/hulyakarakaya/Desktop/PROJECTS/chat-room/functions/node_modules/firebase-admin/lib/index.js\"}"}}
[debug] [2021-03-02T04:20:54.613Z] [runtime-status] [29406] Resolved module firebase-functions {"declared":true,"installed":true,"version":"3.13.2","resolution":"/Users/hulyakarakaya/Desktop/PROJECTS/chat-room/functions/node_modules/firebase-functions/lib/index.js"} {"metadata":{"emulator":{"name":"functions"},"message":"[runtime-status] [29406] Resolved module firebase-functions {\"declared\":true,\"installed\":true,\"version\":\"3.13.2\",\"resolution\":\"/Users/hulyakarakaya/Desktop/PROJECTS/chat-room/functions/node_modules/firebase-functions/lib/index.js\"}"}}
[debug] [2021-03-02T04:20:54.613Z] [runtime-status] [29406] firebase-admin has been stubbed. {"adminResolution":{"declared":true,"installed":true,"version":"9.5.0","resolution":"/Users/hulyakarakaya/Desktop/PROJECTS/chat-room/functions/node_modules/firebase-admin/lib/index.js"}} {"metadata":{"emulator":{"name":"functions"},"message":"[runtime-status] [29406] firebase-admin has been stubbed. {\"adminResolution\":{\"declared\":true,\"installed\":true,\"version\":\"9.5.0\",\"resolution\":\"/Users/hulyakarakaya/Desktop/PROJECTS/chat-room/functions/node_modules/firebase-admin/lib/index.js\"}}"}}
[debug] [2021-03-02T04:20:54.674Z] [runtime-status] [29406] initializeApp(DEFAULT) {"credential":{"implicit":false,"projectId":"chat-app-a2a87","privateKey":"-----BEGIN PRIVATE KEY-----\nMIIEvwIBADANBgkqhkiG9w0BAQEFAASCBKkwggSlAgEAAoIBAQCvH5/7oWENsEms\ndYQiM2miB34rMzc2683EC2KftGBkd+NZ88HdhZrLJLZGrUI0jnsLfH6T144ecV8w\nJWYKfGZAMJqMAI/CzTXum4Ss48bz8z8767ATo/Ae7otZd78AioAqk9untyqkpn6C\nsQvH8P733yaSbGee2RGgZhrjSS22PGj4BJ0c5nIRITxJHeQGj2tBYDP/vHtg3S74\nTXXR4Y1GIf0IN9DwCsmW8kasAfXW6egFfoxISRPY4h494iclO2l/lnRrcphj0jaK\nQ2nZYrOrfjiZhKLUW/iolLZ4+oWert/k08i2b9LEkfheGRUPXd31XlWPdn4a6wLf\nWTGhCi4rAgMBAAECggEAIN6xu5xNyDD3kxw3oee+gwAfCWLCkVdvNsXgTBOiKBls\nnfynvbmPFWQdpmRs0cqQg9ZpN7y02zfyYuoSHhO9aXz19SNB2JGF9vRP0derByz4\nCHozgWw67MNfenqEakiUx+kayH8TzPXHNyaeDHhKkyHabo9UX7dknJOtpk2c++BJ\nBEEkYuFvjByGc1uT+jyvZqn9uBcGM/w8VF8SNRNGLAkAJ+FtvoFv20swDFgyuh+9\nFwU4Pwn+f8lO2d8J4hW1qeKAQQa1nZYtOOVToIO6614/X2EBMK11a2/GpBO+MCAM\nqomYR3UqWbbAfCAsqEqmevUn9B44EE6WdEZZCppBQQKBgQDpPJ73IqkGkhKfkQer\nrsrBlh115eCHG+cM4mLdMizdSdL3NtMxZkh718DX7mBFmUGK0roTxs//octQhJyx\nYcqsmzNaulvGrKOF9RthVvmxpqEjxvjhrOdy6broDucGad62lSTDrOYXTBSDi6JH\nM7i+/u7eey9ClP+DflCAFNHEoQKBgQDANw36TfJdipXFHcUx1S8pbCG/qQE4nRFD\nuZF4V6r2ojEs4hz6Rt4e8qNDa9vaxcEFYSuV0tHD/fyhaaZHhKPrCg1a10yqYEIB\ntCIMrMufqaTlbArWXhJFK5CnJX6wwsMd9PYyvOF0vEqMN3Ka0aYv4/EUctyyEwHP\n8UgEC3mzSwKBgQCqEhYoRxHRRLpnuC1Ltw0J1BhvW8w5ONNlxb4pZOjqA2bd9RBS\nuS6pf02TJrL0jSgJvlcJDLOmx6elcs1/Wrua2SC9S56YZFJo362zcORp8gMWP4RD\nqvyqAlzT0eoL9y77HA3O0UiGPGfI9AzEtqZEP0iW2mQ/vL4EeBrjCktbgQKBgQCy\n5Yq44DsnHIjwgRi7nLLcVqvCekWMr4MWCWx/GPkhuysRnxFhTvwEycdyRLzHDS7t\nFtc+Boz9YTLz+CSug6EcbKqpVaEhIZ3NgB4AtgJ+g6HZdYlQoxVWE4n6R0d2tI5t\nH0TVTD56K5Umk6Syu1V1VS1X3t/RTSduph5kxVlrqQKBgQCoN5gyFsw1+fU7F7nB\nRFqeEiG3+cBCLaTVSuuDP5ZIM6dE0WpnLzwLeOiEJ/YKLfm/LKRCkC9WuTAwm1PH\n/MHAhiX+j3ml/zEdxgUdBGtgBbsyFkOiIiQwtrQ6uPFI6UNkoofuiXKX+Zmdpf5M\nkZrmnU6cbBXG9A2qK55h3QN6cg==\n-----END PRIVATE KEY-----\n","clientEmail":"firebase-adminsdk-v7h9k@chat-app-a2a87.iam.gserviceaccount.com","httpClient":{"retry":{"maxRetries":4,"statusCodes":[503],"ioErrorCodes":["ECONNRESET","ETIMEDOUT"],"backOffFactor":0.5,"maxDelayInMillis":60000}}},"databaseURL":"https://chat-app-a2a87.firebaseio.com"} {"metadata":{"emulator":{"name":"functions"},"message":"[runtime-status] [29406] initializeApp(DEFAULT) {\"credential\":{\"implicit\":false,\"projectId\":\"chat-app-a2a87\",\"privateKey\":\"-----BEGIN PRIVATE KEY-----\\nMIIEvwIBADANBgkqhkiG9w0BAQEFAASCBKkwggSlAgEAAoIBAQCvH5/7oWENsEms\\ndYQiM2miB34rMzc2683EC2KftGBkd+NZ88HdhZrLJLZGrUI0jnsLfH6T144ecV8w\\nJWYKfGZAMJqMAI/CzTXum4Ss48bz8z8767ATo/Ae7otZd78AioAqk9untyqkpn6C\\nsQvH8P733yaSbGee2RGgZhrjSS22PGj4BJ0c5nIRITxJHeQGj2tBYDP/vHtg3S74\\nTXXR4Y1GIf0IN9DwCsmW8kasAfXW6egFfoxISRPY4h494iclO2l/lnRrcphj0jaK\\nQ2nZYrOrfjiZhKLUW/iolLZ4+oWert/k08i2b9LEkfheGRUPXd31XlWPdn4a6wLf\\nWTGhCi4rAgMBAAECggEAIN6xu5xNyDD3kxw3oee+gwAfCWLCkVdvNsXgTBOiKBls\\nnfynvbmPFWQdpmRs0cqQg9ZpN7y02zfyYuoSHhO9aXz19SNB2JGF9vRP0derByz4\\nCHozgWw67MNfenqEakiUx+kayH8TzPXHNyaeDHhKkyHabo9UX7dknJOtpk2c++BJ\\nBEEkYuFvjByGc1uT+jyvZqn9uBcGM/w8VF8SNRNGLAkAJ+FtvoFv20swDFgyuh+9\\nFwU4Pwn+f8lO2d8J4hW1qeKAQQa1nZYtOOVToIO6614/X2EBMK11a2/GpBO+MCAM\\nqomYR3UqWbbAfCAsqEqmevUn9B44EE6WdEZZCppBQQKBgQDpPJ73IqkGkhKfkQer\\nrsrBlh115eCHG+cM4mLdMizdSdL3NtMxZkh718DX7mBFmUGK0roTxs//octQhJyx\\nYcqsmzNaulvGrKOF9RthVvmxpqEjxvjhrOdy6broDucGad62lSTDrOYXTBSDi6JH\\nM7i+/u7eey9ClP+DflCAFNHEoQKBgQDANw36TfJdipXFHcUx1S8pbCG/qQE4nRFD\\nuZF4V6r2ojEs4hz6Rt4e8qNDa9vaxcEFYSuV0tHD/fyhaaZHhKPrCg1a10yqYEIB\\ntCIMrMufqaTlbArWXhJFK5CnJX6wwsMd9PYyvOF0vEqMN3Ka0aYv4/EUctyyEwHP\\n8UgEC3mzSwKBgQCqEhYoRxHRRLpnuC1Ltw0J1BhvW8w5ONNlxb4pZOjqA2bd9RBS\\nuS6pf02TJrL0jSgJvlcJDLOmx6elcs1/Wrua2SC9S56YZFJo362zcORp8gMWP4RD\\nqvyqAlzT0eoL9y77HA3O0UiGPGfI9AzEtqZEP0iW2mQ/vL4EeBrjCktbgQKBgQCy\\n5Yq44DsnHIjwgRi7nLLcVqvCekWMr4MWCWx/GPkhuysRnxFhTvwEycdyRLzHDS7t\\nFtc+Boz9YTLz+CSug6EcbKqpVaEhIZ3NgB4AtgJ+g6HZdYlQoxVWE4n6R0d2tI5t\\nH0TVTD56K5Umk6Syu1V1VS1X3t/RTSduph5kxVlrqQKBgQCoN5gyFsw1+fU7F7nB\\nRFqeEiG3+cBCLaTVSuuDP5ZIM6dE0WpnLzwLeOiEJ/YKLfm/LKRCkC9WuTAwm1PH\\n/MHAhiX+j3ml/zEdxgUdBGtgBbsyFkOiIiQwtrQ6uPFI6UNkoofuiXKX+Zmdpf5M\\nkZrmnU6cbBXG9A2qK55h3QN6cg==\\n-----END PRIVATE KEY-----\\n\",\"clientEmail\":\"firebase-adminsdk-v7h9k@chat-app-a2a87.iam.gserviceaccount.com\",\"httpClient\":{\"retry\":{\"maxRetries\":4,\"statusCodes\":[503],\"ioErrorCodes\":[\"ECONNRESET\",\"ETIMEDOUT\"],\"backOffFactor\":0.5,\"maxDelayInMillis\":60000}}},\"databaseURL\":\"https://chat-app-a2a87.firebaseio.com\"}"}}
[warn] ⚠  functions: The Realtime Database emulator is not running, so calls to Realtime Database will affect production. {"metadata":{"emulator":{"name":"functions"},"message":"The Realtime Database emulator is not running, so calls to Realtime Database will affect production."}}
[info] ✔  functions[sendFcm]: http function initialized (http://localhost:5001/chat-app-a2a87/us-central1/sendFcm). {"metadata":{"emulator":{"name":"functions"},"message":"\u001b[1mhttp\u001b[22m function initialized (http://localhost:5001/chat-app-a2a87/us-central1/sendFcm)."}}
[info] 
┌─────────────────────────────────────────────────────────────┐
│ ✔  All emulators ready! It is now safe to connect your app. │
│ i  View Emulator UI at http://localhost:4000                │
└─────────────────────────────────────────────────────────────┘

┌───────────┬────────────────┬─────────────────────────────────┐
│ Emulator  │ Host:Port      │ View in Emulator UI             │
├───────────┼────────────────┼─────────────────────────────────┤
│ Functions │ localhost:5001 │ http://localhost:4000/functions │
└───────────┴────────────────┴─────────────────────────────────┘
  Emulator Hub running at localhost:4400
  Other reserved ports: 4500

Issues? Report them at https://github.com/firebase/firebase-tools/issues and attach the *-debug.log files.
 
[debug] [2021-03-02T04:20:54.788Z] [worker-~diagnostic~-5a647f30-8174-4dd2-bb38-bbb974c1706f]: IDLE {"metadata":{"emulator":{"name":"functions"},"message":"[worker-~diagnostic~-5a647f30-8174-4dd2-bb38-bbb974c1706f]: IDLE"}}
